2020-03-30 21:53:17.370  INFO 3616 --- [main] com.light.springboot.DepartmentTest      : Starting DepartmentTest on LAPTOP-46P30QN8 with PID 3616 (started by wangyuling in D:\QDHL\springbootDemo)
2020-03-30 21:53:17.370  INFO 3616 --- [main] com.light.springboot.DepartmentTest      : No active profile set, falling back to default profiles: default
2020-03-30 21:53:17.590  INFO 3616 --- [main] o.s.w.c.s.GenericWebApplicationContext   : Refreshing org.springframework.web.context.support.GenericWebApplicationContext@71238fc2: startup date [Mon Mar 30 21:53:17 CST 2020]; root of context hierarchy
2020-03-30 21:53:18.176  INFO 3616 --- [main] o.s.b.f.xml.XmlBeanDefinitionReader      : Loading XML bean definitions from class path resource [disconf.xml]
2020-03-30 21:53:18.370  WARN 3616 --- [main] o.m.s.mapper.ClassPathMapperScanner      : No MyBatis mapper was found in '[com.light.springboot]' package. Please check your configuration.
2020-03-30 21:53:18.410  INFO 3616 --- [main] .s.d.r.c.RepositoryConfigurationDelegate : Multiple Spring Data modules found, entering strict repository configuration mode!
2020-03-30 21:53:18.509  WARN 3616 --- [main] o.s.c.a.ConfigurationClassPostProcessor  : Cannot enhance @Configuration bean definition 'myBatisConfiguration' since its singleton instance has been created too early. The typical cause is a non-static @Bean method with a BeanDefinitionRegistryPostProcessor return type: Consider declaring such methods as 'static'.
2020-03-30 21:53:18.772  INFO 3616 --- [main] f.a.AutowiredAnnotationBeanPostProcessor : JSR-330 'javax.inject.Inject' annotation found and supported for autowiring
2020-03-30 21:53:20.184  INFO 3616 --- [main] s.w.s.m.m.a.RequestMappingHandlerAdapter : Looking for @ControllerAdvice: org.springframework.web.context.support.GenericWebApplicationContext@71238fc2: startup date [Mon Mar 30 21:53:17 CST 2020]; root of context hierarchy
2020-03-30 21:53:20.264  INFO 3616 --- [main] s.w.s.m.m.a.RequestMappingHandlerMapping : Mapped "{[/helloworld],methods=[GET]}" onto public java.lang.String com.light.springboot.controller.TestController.helloworld()
2020-03-30 21:53:20.264  INFO 3616 --- [main] s.w.s.m.m.a.RequestMappingHandlerMapping : Mapped "{[/thymeleaf/hello]}" onto public java.lang.String com.light.springboot.controller.ThymeleafController.hello(java.util.Map<java.lang.String, java.lang.Object>)
2020-03-30 21:53:20.264  INFO 3616 --- [main] s.w.s.m.m.a.RequestMappingHandlerMapping : Mapped "{[/thymeleaf/Upfild]}" onto public void com.light.springboot.controller.ThymeleafController.Upfild(javax.servlet.http.HttpServletRequest,javax.servlet.http.HttpServletResponse)
2020-03-30 21:53:20.274  INFO 3616 --- [main] s.w.s.m.m.a.RequestMappingHandlerMapping : Mapped "{[/error]}" onto public org.springframework.http.ResponseEntity<java.util.Map<java.lang.String, java.lang.Object>> org.springframework.boot.autoconfigure.web.BasicErrorController.error(javax.servlet.http.HttpServletRequest)
2020-03-30 21:53:20.274  INFO 3616 --- [main] s.w.s.m.m.a.RequestMappingHandlerMapping : Mapped "{[/error],produces=[text/html]}" onto public org.springframework.web.servlet.ModelAndView org.springframework.boot.autoconfigure.web.BasicErrorController.errorHtml(javax.servlet.http.HttpServletRequest,javax.servlet.http.HttpServletResponse)
2020-03-30 21:53:20.314  INFO 3616 --- [main] o.s.w.s.handler.SimpleUrlHandlerMapping  : Mapped URL path [/webjars/**] onto handler of type [class org.springframework.web.servlet.resource.ResourceHttpRequestHandler]
2020-03-30 21:53:20.314  INFO 3616 --- [main] o.s.w.s.handler.SimpleUrlHandlerMapping  : Mapped URL path [/**] onto handler of type [class org.springframework.web.servlet.resource.ResourceHttpRequestHandler]
2020-03-30 21:53:20.324  INFO 3616 --- [main] .m.m.a.ExceptionHandlerExceptionResolver : Detected @ExceptionHandler methods in globalDefaultExceptionHandler
2020-03-30 21:53:20.350  INFO 3616 --- [main] o.s.w.s.handler.SimpleUrlHandlerMapping  : Mapped URL path [/**/favicon.ico] onto handler of type [class org.springframework.web.servlet.resource.ResourceHttpRequestHandler]
2020-03-30 21:53:20.976  INFO 3616 --- [main] s.a.ScheduledAnnotationBeanPostProcessor : No TaskScheduler/ScheduledExecutorService bean found for scheduled processing
2020-03-30 21:53:20.997  INFO 3616 --- [main] com.light.springboot.DepartmentTest      : Started DepartmentTest in 4.046 seconds (JVM running for 5.656)
2020-03-30 21:53:21.056  INFO 3616 --- [Thread-5] o.s.w.c.s.GenericWebApplicationContext   : Closing org.springframework.web.context.support.GenericWebApplicationContext@71238fc2: startup date [Mon Mar 30 21:53:17 CST 2020]; root of context hierarchy
2020-03-30 21:53:32.083  INFO 14056 --- [main] com.light.springboot.DepartmentTest      : Starting DepartmentTest on LAPTOP-46P30QN8 with PID 14056 (started by wangyuling in D:\QDHL\springbootDemo)
2020-03-30 21:53:32.083  INFO 14056 --- [main] com.light.springboot.DepartmentTest      : No active profile set, falling back to default profiles: default
2020-03-30 21:53:32.283  INFO 14056 --- [main] o.s.w.c.s.GenericWebApplicationContext   : Refreshing org.springframework.web.context.support.GenericWebApplicationContext@71238fc2: startup date [Mon Mar 30 21:53:32 CST 2020]; root of context hierarchy
2020-03-30 21:53:32.884  INFO 14056 --- [main] o.s.b.f.xml.XmlBeanDefinitionReader      : Loading XML bean definitions from class path resource [disconf.xml]
2020-03-30 21:53:33.049  WARN 14056 --- [main] o.m.s.mapper.ClassPathMapperScanner      : No MyBatis mapper was found in '[com.light.springboot]' package. Please check your configuration.
2020-03-30 21:53:33.084  INFO 14056 --- [main] .s.d.r.c.RepositoryConfigurationDelegate : Multiple Spring Data modules found, entering strict repository configuration mode!
2020-03-30 21:53:33.196  WARN 14056 --- [main] o.s.c.a.ConfigurationClassPostProcessor  : Cannot enhance @Configuration bean definition 'myBatisConfiguration' since its singleton instance has been created too early. The typical cause is a non-static @Bean method with a BeanDefinitionRegistryPostProcessor return type: Consider declaring such methods as 'static'.
2020-03-30 21:53:33.426  INFO 14056 --- [main] f.a.AutowiredAnnotationBeanPostProcessor : JSR-330 'javax.inject.Inject' annotation found and supported for autowiring
2020-03-30 21:53:34.774  INFO 14056 --- [main] s.w.s.m.m.a.RequestMappingHandlerAdapter : Looking for @ControllerAdvice: org.springframework.web.context.support.GenericWebApplicationContext@71238fc2: startup date [Mon Mar 30 21:53:32 CST 2020]; root of context hierarchy
2020-03-30 21:53:34.844  INFO 14056 --- [main] s.w.s.m.m.a.RequestMappingHandlerMapping : Mapped "{[/helloworld],methods=[GET]}" onto public java.lang.String com.light.springboot.controller.TestController.helloworld()
2020-03-30 21:53:34.844  INFO 14056 --- [main] s.w.s.m.m.a.RequestMappingHandlerMapping : Mapped "{[/thymeleaf/Upfild]}" onto public void com.light.springboot.controller.ThymeleafController.Upfild(javax.servlet.http.HttpServletRequest,javax.servlet.http.HttpServletResponse)
2020-03-30 21:53:34.844  INFO 14056 --- [main] s.w.s.m.m.a.RequestMappingHandlerMapping : Mapped "{[/thymeleaf/hello]}" onto public java.lang.String com.light.springboot.controller.ThymeleafController.hello(java.util.Map<java.lang.String, java.lang.Object>)
2020-03-30 21:53:34.844  INFO 14056 --- [main] s.w.s.m.m.a.RequestMappingHandlerMapping : Mapped "{[/error]}" onto public org.springframework.http.ResponseEntity<java.util.Map<java.lang.String, java.lang.Object>> org.springframework.boot.autoconfigure.web.BasicErrorController.error(javax.servlet.http.HttpServletRequest)
2020-03-30 21:53:34.844  INFO 14056 --- [main] s.w.s.m.m.a.RequestMappingHandlerMapping : Mapped "{[/error],produces=[text/html]}" onto public org.springframework.web.servlet.ModelAndView org.springframework.boot.autoconfigure.web.BasicErrorController.errorHtml(javax.servlet.http.HttpServletRequest,javax.servlet.http.HttpServletResponse)
2020-03-30 21:53:34.884  INFO 14056 --- [main] o.s.w.s.handler.SimpleUrlHandlerMapping  : Mapped URL path [/webjars/**] onto handler of type [class org.springframework.web.servlet.resource.ResourceHttpRequestHandler]
2020-03-30 21:53:34.884  INFO 14056 --- [main] o.s.w.s.handler.SimpleUrlHandlerMapping  : Mapped URL path [/**] onto handler of type [class org.springframework.web.servlet.resource.ResourceHttpRequestHandler]
2020-03-30 21:53:34.894  INFO 14056 --- [main] .m.m.a.ExceptionHandlerExceptionResolver : Detected @ExceptionHandler methods in globalDefaultExceptionHandler
2020-03-30 21:53:34.924  INFO 14056 --- [main] o.s.w.s.handler.SimpleUrlHandlerMapping  : Mapped URL path [/**/favicon.ico] onto handler of type [class org.springframework.web.servlet.resource.ResourceHttpRequestHandler]
2020-03-30 21:53:35.545  INFO 14056 --- [main] s.a.ScheduledAnnotationBeanPostProcessor : No TaskScheduler/ScheduledExecutorService bean found for scheduled processing
2020-03-30 21:53:35.555  INFO 14056 --- [main] com.light.springboot.DepartmentTest      : Started DepartmentTest in 3.768 seconds (JVM running for 4.644)
2020-03-30 21:53:35.615  INFO 14056 --- [Thread-5] o.s.w.c.s.GenericWebApplicationContext   : Closing org.springframework.web.context.support.GenericWebApplicationContext@71238fc2: startup date [Mon Mar 30 21:53:32 CST 2020]; root of context hierarchy
